<?xml version="1.0" encoding="UTF-8" ?>
<testsuite tests="0" failures="0" name="mockitojunit5.GreetingImplTest" time="0" errors="0" skipped="0">
  <properties>
    <property name="idea.version" value="2021.1.1"/>
    <property name="java.runtime.name" value="OpenJDK Runtime Environment"/>
    <property name="sun.boot.library.path" value="C:\Users\delaplai\Downloads\graalvm-ce-java8-windows-amd64-21.1.0\graalvm-ce-java8-21.1.0\jre\bin"/>
    <property name="java.vm.version" value="25.292-b09-jvmci-21.1-b05"/>
    <property name="java.vm.vendor" value="GraalVM Community"/>
    <property name="maven.multiModuleProjectDirectory" value="C:\Users\delaplai\junit-tutorial"/>
    <property name="java.vendor.url" value="https://www.graalvm.org/"/>
    <property name="path.separator" value=";"/>
    <property name="guice.disable.misplaced.annotation.check" value="true"/>
    <property name="java.vm.name" value="OpenJDK 64-Bit Server VM GraalVM CE 21.1.0"/>
    <property name="file.encoding.pkg" value="sun.io"/>
    <property name="user.script" value=""/>
    <property name="user.country" value="US"/>
    <property name="sun.java.launcher" value="SUN_STANDARD"/>
    <property name="sun.os.patch.level" value=""/>
    <property name="java.vm.specification.name" value="Java Virtual Machine Specification"/>
    <property name="user.dir" value="C:\Users\delaplai\junit-tutorial"/>
    <property name="java.runtime.version" value="1.8.0_292-b09"/>
    <property name="java.awt.graphicsenv" value="sun.awt.Win32GraphicsEnvironment"/>
    <property name="java.endorsed.dirs" value="C:\Users\delaplai\Downloads\graalvm-ce-java8-windows-amd64-21.1.0\graalvm-ce-java8-21.1.0\jre\lib\endorsed"/>
    <property name="os.arch" value="amd64"/>
    <property name="java.io.tmpdir" value="C:\Users\delaplai\AppData\Local\Temp\"/>
    <property name="line.separator" value="
"/>
    <property name="java.vm.specification.vendor" value="Oracle Corporation"/>
    <property name="user.variant" value=""/>
    <property name="os.name" value="Windows 10"/>
    <property name="maven.ext.class.path" value="C:\Program Files\JetBrains\IntelliJ IDEA 2021.1.1\plugins\maven\lib\maven-event-listener.jar"/>
    <property name="classworlds.conf" value="C:\Program Files\JetBrains\IntelliJ IDEA 2021.1.1\plugins\maven\lib\maven3\bin\m2.conf"/>
    <property name="sun.jnu.encoding" value="Cp1252"/>
    <property name="java.library.path" value="C:\Users\delaplai\Downloads\graalvm-ce-java8-windows-amd64-21.1.0\graalvm-ce-java8-21.1.0\bin;C:\windows\Sun\Java\bin;C:\windows\system32;C:\windows;C:\Program Files (x86)\Common Files\Oracle\Java\javapath;C:\Users\delaplai\AppData\Roaming\ActiveState\bin;C:\Program Files (x86)\Microsoft Visual Studio\2019\Community\Common7\IDE\\Extensions\Microsoft\IntelliCode\CLI;C:\Program Files (x86)\Microsoft Visual Studio\2019\Community\VC\Tools\MSVC\14.29.30037\bin\HostX64\x64;C:\Program Files (x86)\Microsoft Visual Studio\2019\Community\Common7\IDE\VC\VCPackages;C:\Program Files (x86)\Microsoft Visual Studio\2019\Community\Common7\IDE\CommonExtensions\Microsoft\TestWindow;C:\Program Files (x86)\Microsoft Visual Studio\2019\Community\Common7\IDE\CommonExtensions\Microsoft\TeamFoundation\Team Explorer;C:\Program Files (x86)\Microsoft Visual Studio\2019\Community\MSBuild\Current\bin\Roslyn;C:\Program Files (x86)\Microsoft Visual Studio\2019\Community\Team Tools\Performance Tools\x64;C:\Program Files (x86)\Microsoft Visual Studio\2019\Community\Team Tools\Performance Tools;C:\Program Files (x86)\Microsoft Visual Studio\Shared\Common\VSPerfCollectionTools\vs2019\\x64;C:\Program Files (x86)\Microsoft Visual Studio\Shared\Common\VSPerfCollectionTools\vs2019\;C:\Program Files (x86)\Microsoft Visual Studio\2019\Community\Common7\Tools\devinit;C:\Program Files (x86)\Windows Kits\10\bin\10.0.19041.0\x64;C:\Program Files (x86)\Windows Kits\10\bin\x64;C:\Program Files (x86)\Microsoft Visual Studio\2019\Community\\MSBuild\Current\Bin;C:\windows\Microsoft.NET\Framework64\v4.0.30319;C:\Program Files (x86)\Microsoft Visual Studio\2019\Community\Common7\Tools\;C:\Program Files (x86)\Microsoft Visual Studio\2019\Community\Common7\IDE\\Extensions\Microsoft\IntelliCode\CLI;C:\Program Files (x86)\Microsoft Visual Studio\2019\Community\VC\Tools\MSVC\14.29.30037\bin\HostX64\x64;C:\Users\delaplai\Downloads\graalvm-ce-java8-windows-amd64-21.1.0\graalvm-ce-java8-21.1.0\bin;C:\Program Files\Git\cmd;C:\Strawberry\c\bin;C:\Strawberry\perl\site\bin;C:\Strawberry\perl\bin;C:\Perl64\bin;C:\Users\delaplai\merge-pciids;C:\Program Files (x86)\Groovy\bin;C:\Users\delaplai\AppData\Local\activestate\bin;C:\Program Files\MySQL\MySQL Shell 8.0\bin\;C:\Users\delaplai\AppData\Local\Microsoft\WindowsApps;C:\Users\delaplai\AppData\Local\Programs\Microsoft VS Code\bin;C:\Program Files\JetBrains\PyCharm Community Edition 2021.1.1\bin;;C:\Program Files (x86)\Jar2Exe Wizard\;C:\Users\delaplai\Downloads\unix2dos\bin;C:\Program Files (x86)\Groovy\bin;;."/>
    <property name="maven.conf" value="C:\Program Files\JetBrains\IntelliJ IDEA 2021.1.1\plugins\maven\lib\maven3/conf"/>
    <property name="java.specification.name" value="Java Platform API Specification"/>
    <property name="java.class.version" value="52.0"/>
    <property name="sun.management.compiler" value="HotSpot 64-Bit Tiered Compilers"/>
    <property name="os.version" value="10.0"/>
    <property name="user.home" value="C:\Users\delaplai"/>
    <property name="user.timezone" value="America/Los_Angeles"/>
    <property name="java.awt.printerjob" value="sun.awt.windows.WPrinterJob"/>
    <property name="java.specification.version" value="1.8"/>
    <property name="file.encoding" value="UTF-8"/>
    <property name="user.name" value="delaplai"/>
    <property name="java.class.path" value="C:\Program Files\JetBrains\IntelliJ IDEA 2021.1.1\plugins\maven\lib\maven3\boot\plexus-classworlds-2.6.0.jar;C:\Program Files\JetBrains\IntelliJ IDEA 2021.1.1\plugins\maven\lib\maven3\boot\plexus-classworlds.license;C:\Program Files\JetBrains\IntelliJ IDEA 2021.1.1\lib\idea_rt.jar"/>
    <property name="java.vm.specification.version" value="1.8"/>
    <property name="sun.arch.data.model" value="64"/>
    <property name="java.home" value="C:\Users\delaplai\Downloads\graalvm-ce-java8-windows-amd64-21.1.0\graalvm-ce-java8-21.1.0\jre"/>
    <property name="sun.java.command" value="org.codehaus.classworlds.Launcher -Didea.version=2021.1.1 test"/>
    <property name="java.specification.vendor" value="Oracle Corporation"/>
    <property name="user.language" value="en"/>
    <property name="awt.toolkit" value="sun.awt.windows.WToolkit"/>
    <property name="java.vm.info" value="mixed mode"/>
    <property name="java.version" value="1.8.0_292"/>
    <property name="java.ext.dirs" value="C:\Users\delaplai\Downloads\graalvm-ce-java8-windows-amd64-21.1.0\graalvm-ce-java8-21.1.0\jre\lib\ext;C:\windows\Sun\Java\lib\ext"/>
    <property name="sun.boot.class.path" value="C:\Users\delaplai\Downloads\graalvm-ce-java8-windows-amd64-21.1.0\graalvm-ce-java8-21.1.0\jre\lib\resources.jar;C:\Users\delaplai\Downloads\graalvm-ce-java8-windows-amd64-21.1.0\graalvm-ce-java8-21.1.0\jre\lib\rt.jar;C:\Users\delaplai\Downloads\graalvm-ce-java8-windows-amd64-21.1.0\graalvm-ce-java8-21.1.0\jre\lib\sunrsasign.jar;C:\Users\delaplai\Downloads\graalvm-ce-java8-windows-amd64-21.1.0\graalvm-ce-java8-21.1.0\jre\lib\jsse.jar;C:\Users\delaplai\Downloads\graalvm-ce-java8-windows-amd64-21.1.0\graalvm-ce-java8-21.1.0\jre\lib\jce.jar;C:\Users\delaplai\Downloads\graalvm-ce-java8-windows-amd64-21.1.0\graalvm-ce-java8-21.1.0\jre\lib\charsets.jar;C:\Users\delaplai\Downloads\graalvm-ce-java8-windows-amd64-21.1.0\graalvm-ce-java8-21.1.0\jre\lib\jfr.jar;C:\Users\delaplai\Downloads\graalvm-ce-java8-windows-amd64-21.1.0\graalvm-ce-java8-21.1.0\jre\lib\jvmci-services.jar;C:\Users\delaplai\Downloads\graalvm-ce-java8-windows-amd64-21.1.0\graalvm-ce-java8-21.1.0\jre\classes;C:\Users\delaplai\Downloads\graalvm-ce-java8-windows-amd64-21.1.0\graalvm-ce-java8-21.1.0\jre\lib\boot\graal-sdk.jar;C:\Users\delaplai\Downloads\graalvm-ce-java8-windows-amd64-21.1.0\graalvm-ce-java8-21.1.0\jre\lib\boot\graal-sdk.src.zip;C:\Users\delaplai\Downloads\graalvm-ce-java8-windows-amd64-21.1.0\graalvm-ce-java8-21.1.0\jre\lib\boot\graaljs-scriptengine.jar"/>
    <property name="java.vendor" value="GraalVM Community"/>
    <property name="maven.home" value="C:\Program Files\JetBrains\IntelliJ IDEA 2021.1.1\plugins\maven\lib\maven3"/>
    <property name="file.separator" value="\"/>
    <property name="java.vendor.url.bug" value="https://github.com/oracle/graal/issues"/>
    <property name="sun.cpu.endian" value="little"/>
    <property name="sun.io.unicode.encoding" value="UnicodeLittle"/>
    <property name="jvmci.Compiler" value="graal"/>
    <property name="sun.desktop" value="windows"/>
    <property name="sun.cpu.isalist" value="amd64"/>
  </properties>
</testsuite>